<?xml version="1.0" encoding="UTF-8"?>
<testng-results ignored="0" total="1" passed="1" failed="0" skipped="0">
  <reporter-output>
  </reporter-output>
  <suite started-at="2026-02-15T19:34:19 GMT+03:30" name="Suite1" finished-at="2026-02-15T19:34:19 GMT+03:30" duration-ms="30">
    <groups>
    </groups>
    <test started-at="2026-02-15T19:34:19 GMT+03:30" name="SmokeTest" finished-at="2026-02-15T19:34:19 GMT+03:30" duration-ms="30">
      <class name="LoginTests.HomePageTest">
        <test-method signature="validateHomePageTest()[pri:0, instance:LoginTests.HomePageTest@4b5d6a01]" started-at="2026-02-15T19:34:19 GMT+03:30" name="validateHomePageTest" finished-at="2026-02-15T19:34:19 GMT+03:30" duration-ms="5" status="PASS">
          <reporter-output>
          </reporter-output>
        </test-method> <!-- validateHomePageTest -->
      </class> <!-- LoginTests.HomePageTest -->
    </test> <!-- SmokeTest -->
  </suite> <!-- Suite1 -->
</testng-results>
